<?xml version="1.0" encoding="UTF-8"?>
<!-- Generated by org.testng.reporters.JUnitReportReporter -->
<testsuite skipped="0" hostname="LAPTOP-02KCVCDS" name="com.demo.GetTest" tests="1" failures="0" timestamp="04 Aug 2019 18:26:11 GMT" time="2.235" errors="0">
  <testcase name="GetWeatherDetails" time="2.235" classname="com.demo.GetTest"/>
</testsuite> <!-- com.demo.GetTest -->
